<?xml version="1.0" encoding="UTF-8"?>
<!-- Generated by org.testng.reporters.JUnitReportReporter -->
<testsuite hostname="TMZ-DPC-2259" failures="0" tests="2" name="com.TestNG.Ninja" time="0.473" errors="0" timestamp="2023-10-25T13:06:52 IST" skipped="1">
  <testcase classname="com.TestNG.Ninja" name="f1" time="0.473"/>
  <testcase classname="com.TestNG.Ninja" name="f">
    <skipped/>
  </testcase> <!-- f -->
</testsuite> <!-- com.TestNG.Ninja -->
