<?xml version="1.0" encoding="UTF-8"?>
<!-- Generated by org.testng.reporters.JUnitReportReporter -->
<testsuite hostname="TMZ-DPC-2259" failures="0" tests="2" name="com.TestNG.Assertions" time="0.034" errors="0" timestamp="2023-10-25T16:41:43 IST" skipped="0">
  <testcase classname="com.TestNG.Assertions" name="f" time="0.010"/>
  <testcase classname="com.TestNG.Assertions" name="f1" time="0.024"/>
</testsuite> <!-- com.TestNG.Assertions -->
