<?xml version="1.0" encoding="UTF-8"?>
<!-- Generated by org.testng.reporters.JUnitReportReporter -->
<testsuite hostname="TMZ-DPC-2259" failures="0" tests="1" name="com.TestNG.DPD" time="0.009" errors="0" timestamp="2023-10-26T11:27:32 IST" skipped="0">
  <testcase classname="com.TestNG.DPD" name="f" time="0.009"/>
</testsuite> <!-- com.TestNG.DPD -->
