<?xml version="1.0" encoding="UTF-8"?>
<!-- Generated by org.testng.reporters.JUnitReportReporter -->
<testsuite hostname="TMZ-DPC-2259" failures="0" tests="1" name="com.TestNG.DashboardPageTests" time="5.970" errors="0" timestamp="2023-11-08T12:35:54 IST" skipped="0">
  <testcase classname="com.TestNG.DashboardPageTests" name="DashboardTest" time="5.970"/>
</testsuite> <!-- com.TestNG.DashboardPageTests -->
