<?xml version="1.0" encoding="UTF-8"?>
<!-- Generated by org.testng.reporters.JUnitReportReporter -->
<testsuite hostname="TMZ-DPC-2259" failures="0" tests="1" name="com.TestNG.NewTest" time="5.206" errors="0" timestamp="2023-10-25T11:08:29 IST" skipped="0">
  <testcase classname="com.TestNG.NewTest" name="f" time="5.206"/>
</testsuite> <!-- com.TestNG.NewTest -->
