<?xml version="1.0" encoding="UTF-8"?>
<!-- Generated by org.testng.reporters.JUnitReportReporter -->
<testsuite hostname="TMZ-DPC-2259" failures="0" tests="4" name="com.TestNG.Priority" time="0.009" errors="0" timestamp="2023-10-25T16:15:30 IST" skipped="2">
  <testcase classname="com.TestNG.Priority" name="third" time="0.008"/>
  <testcase classname="com.TestNG.Priority" name="first" time="0.001"/>
  <testcase classname="com.TestNG.Priority" name="second">
    <skipped/>
  </testcase> <!-- second -->
  <testcase classname="com.TestNG.Priority" name="fourth">
    <skipped/>
  </testcase> <!-- fourth -->
</testsuite> <!-- com.TestNG.Priority -->
