<?xml version="1.0" encoding="UTF-8"?>
<!-- Generated by org.testng.reporters.JUnitReportReporter -->
<testsuite hostname="TMZ-DPC-2259" failures="0" tests="3" name="com.TestNG.Annotations" time="0.012" errors="0" timestamp="2023-10-25T11:05:25 IST" skipped="0">
  <testcase classname="com.TestNG.Annotations" name="login" time="0.002"/>
  <testcase classname="com.TestNG.Annotations" name="f" time="0.006"/>
  <testcase classname="com.TestNG.Annotations" name="logout" time="0.004"/>
</testsuite> <!-- com.TestNG.Annotations -->
