<?xml version="1.0" encoding="UTF-8"?>
<!-- Generated by org.testng.reporters.JUnitReportReporter -->
<testsuite hostname="TMZ-DPC-2259" failures="0" tests="1" name="com.TestNG.LoginTests" time="1.795" errors="0" timestamp="2023-11-08T11:19:46 IST" skipped="0">
  <testcase classname="com.TestNG.LoginTests" name="loginTest" time="1.795"/>
</testsuite> <!-- com.TestNG.LoginTests -->
